[debug] [2023-04-23T20:02:35.105Z] ----------------------------------------------------------------------
[debug] [2023-04-23T20:02:35.119Z] Command:       /home/sagacious/.nvm/versions/node/v16.14.0/bin/node /home/sagacious/.nvm/versions/node/v16.14.0/bin/firebase deploy
[debug] [2023-04-23T20:02:35.122Z] CLI Version:   11.28.0
[debug] [2023-04-23T20:02:35.122Z] Platform:      linux
[debug] [2023-04-23T20:02:35.123Z] Node Version:  v16.14.0
[debug] [2023-04-23T20:02:35.133Z] Time:          Sun Apr 23 2023 21:02:35 GMT+0100 (West Africa Standard Time)
[debug] [2023-04-23T20:02:35.134Z] ----------------------------------------------------------------------
[debug] 
[debug] [2023-04-23T20:02:35.643Z] > command requires scopes: ["email","openid","https://www.googleapis.com/auth/cloudplatformprojects.readonly","https://www.googleapis.com/auth/firebase","https://www.googleapis.com/auth/cloud-platform"]
[debug] [2023-04-23T20:02:35.645Z] > authorizing via signed-in user (princesagacious96@gmail.com)
[debug] [2023-04-23T20:02:35.646Z] [iam] checking project my-articles-a60af for permissions ["firebase.projects.get","firebasehosting.sites.update"]
[debug] [2023-04-23T20:02:35.661Z] >>> [apiv2][query] POST https://cloudresourcemanager.googleapis.com/v1/projects/my-articles-a60af:testIamPermissions [none]
[debug] [2023-04-23T20:02:35.662Z] >>> [apiv2][(partial)header] POST https://cloudresourcemanager.googleapis.com/v1/projects/my-articles-a60af:testIamPermissions x-goog-quota-user=projects/my-articles-a60af
[debug] [2023-04-23T20:02:35.663Z] >>> [apiv2][body] POST https://cloudresourcemanager.googleapis.com/v1/projects/my-articles-a60af:testIamPermissions {"permissions":["firebase.projects.get","firebasehosting.sites.update"]}
[debug] [2023-04-23T20:02:40.251Z] <<< [apiv2][status] POST https://cloudresourcemanager.googleapis.com/v1/projects/my-articles-a60af:testIamPermissions 200
[debug] [2023-04-23T20:02:40.253Z] <<< [apiv2][body] POST https://cloudresourcemanager.googleapis.com/v1/projects/my-articles-a60af:testIamPermissions {"permissions":["firebase.projects.get","firebasehosting.sites.update"]}
[debug] [2023-04-23T20:02:40.267Z] >>> [apiv2][query] GET https://firebase.googleapis.com/v1beta1/projects/my-articles-a60af [none]
[debug] [2023-04-23T20:02:44.726Z] <<< [apiv2][status] GET https://firebase.googleapis.com/v1beta1/projects/my-articles-a60af 200
[debug] [2023-04-23T20:02:44.736Z] <<< [apiv2][body] GET https://firebase.googleapis.com/v1beta1/projects/my-articles-a60af {"projectId":"my-articles-a60af","projectNumber":"803490384962","displayName":"my-articles","name":"projects/my-articles-a60af","resources":{"hostingSite":"my-articles-a60af","storageBucket":"my-articles-a60af.appspot.com","locationId":"us-central"},"state":"ACTIVE","etag":"1_5c1b897c-24e9-4bf6-8cc5-e8fe68d7361a"}
[info] 
[info] === Deploying to 'my-articles-a60af'...
[info] 
[info] i  deploying hosting 
[debug] [2023-04-23T20:02:44.773Z] >>> [apiv2][query] POST https://firebasehosting.googleapis.com/v1beta1/projects/-/sites/my-articles-a60af/versions [none]
[debug] [2023-04-23T20:02:44.774Z] >>> [apiv2][body] POST https://firebasehosting.googleapis.com/v1beta1/projects/-/sites/my-articles-a60af/versions {"status":"CREATED","labels":{"deployment-tool":"cli-firebase"}}
[debug] [2023-04-23T20:02:47.132Z] <<< [apiv2][status] POST https://firebasehosting.googleapis.com/v1beta1/projects/-/sites/my-articles-a60af/versions 200
[debug] [2023-04-23T20:02:47.132Z] <<< [apiv2][body] POST https://firebasehosting.googleapis.com/v1beta1/projects/-/sites/my-articles-a60af/versions {"name":"projects/803490384962/sites/my-articles-a60af/versions/54b1f11fdeccae1c","status":"CREATED","config":{},"labels":{"deployment-tool":"cli-firebase"}}
[info] i  hosting[my-articles-a60af]: beginning deploy... 
[info] i  hosting[my-articles-a60af]: found 21 files in build 
[debug] [2023-04-23T20:02:47.247Z] [hosting] uploading with 200 concurrency
[debug] [2023-04-23T20:02:47.252Z] [hosting] hash cache [YnVpbGQ] not populated
[debug] [2023-04-23T20:02:52.802Z] [hosting] hash cache [YnVpbGQ] stored for 21 files
[debug] [2023-04-23T20:02:52.803Z] [hosting][hash queue][FINAL] {"max":5490,"min":322,"avg":815.7619047619048,"active":0,"complete":21,"success":21,"errored":0,"retried":0,"total":21,"elapsed":5536}
[debug] [2023-04-23T20:02:52.804Z] >>> [apiv2][query] POST https://firebasehosting.googleapis.com/v1beta1/projects/803490384962/sites/my-articles-a60af/versions/54b1f11fdeccae1c:populateFiles [none]
[debug] [2023-04-23T20:02:52.807Z] >>> [apiv2][body] POST https://firebasehosting.googleapis.com/v1beta1/projects/803490384962/sites/my-articles-a60af/versions/54b1f11fdeccae1c:populateFiles {"files":{"/asset-manifest.json":"5af351b2e1f7b759f48a37b2409598c54cb62769719b10a7bcc46a882c897186","/favicon.ico":"c599b7a91ab3627e3538125d9f40adc2d4bf949046984262670545dc7738af06","/index.html":"a4c79a8216790ae57254169871a8ba2e9c9204feeb734ea29d8657b7cc9f73cb","/logo192.png":"76c449ccb9cd117c2f2338f091b18f7050f3210e249b2228f5c81b23f34377cd","/logo512.png":"7779210d56c1f3741e2e487799fe3092def4fa6ac450a60532b807c3a8971205","/robots.txt":"2544ca049f223a42bff01f72ad930a5edba75bbb7199d0f8430a02ff5aca16ec","/static/js/787.1f14e1ee.chunk.js":"0c55f77511a1ad0dd469423778c8fb7a314ac439f481c0666797203f81314d21","/static/js/787.1f14e1ee.chunk.js.map":"bf8f6363733477cff6071f3c19047259d117f08df1d6e6d091b52fb02ff1b3d2","/manifest.json":"0958a5e0c831126100c8c2d06a6bbaa665a3900f21aaff4130238a6f5a113aa1","/static/js/main.39777813.js.LICENSE.txt":"112278d964bd3674de80750706219f1508a8922b2d795002e824d701918a28fe","/static/media/logo.6ce24c58023cc2f8fd88fe9d219db6c6.svg":"7d3ee40656c5a13fa0b04821777c1ba40bd028faa5c0e7475f61021d03fd35d6","/static/media/fontawesome-webfont.20fd1704ea223900efa9.woff2":"75408058f6c8f9bfcc2e90568ed90df3f6fb09b3c3ee1a8303a4afd3ac0bc921","/static/media/logo.ef9ff011a86da442eef5.png":"b07eb02af787cd20d9503955c879321d6f9e24421762329c27f3e8e223212328","/static/css/main.5dc9f232.css":"357cca18cbbcc7055dd3ca5310bc485c5f1270450bcdaef580225181f7c06a0d","/static/media/fontawesome-webfont.f691f37e57f04c152e23.woff":"4eef8bd2ec905087d7b4ac221dfd85d36d8c1f05d8de2915ecf4351dde4b701e","/static/media/fontawesome-webfont.1e59d2330b4c6deb84b3.ttf":"64aa5f058bdf4b13431435cc4e8efb81c8ffd4db066748fd0cc824a57fba74de","/static/media/fontawesome-webfont.8b43027f47b20503057d.eot":"57bf392fce6fab9ad8d0c1c3a92fdcdf61bda7959c467ebdbf9d3b4dcd9b8080","/static/css/main.5dc9f232.css.map":"06afb899396d73546ccc0c1092dcaed7712ae1b748f56c1e6161e163a93be0ed","/static/js/main.39777813.js":"0a799a84f702ac0bc606b3e650fbfbb9e4da39bf3a37371e00c04c81a233a8de","/static/media/fontawesome-webfont.c1e38fd9e0e74ba58f7a.svg":"712dd79e06a2a5e7c693fe6f926bef5f7ac278183f910ce1fc5b4c27b6488091","/static/js/main.39777813.js.map":"f18789a13107f6047e846e7e5ca797540a8edf28f884a569a59dded075b5860b"}}
[debug] [2023-04-23T20:02:54.235Z] <<< [apiv2][status] POST https://firebasehosting.googleapis.com/v1beta1/projects/803490384962/sites/my-articles-a60af/versions/54b1f11fdeccae1c:populateFiles 200
[debug] [2023-04-23T20:02:54.236Z] <<< [apiv2][body] POST https://firebasehosting.googleapis.com/v1beta1/projects/803490384962/sites/my-articles-a60af/versions/54b1f11fdeccae1c:populateFiles {"uploadRequiredHashes":["0c55f77511a1ad0dd469423778c8fb7a314ac439f481c0666797203f81314d21","06afb899396d73546ccc0c1092dcaed7712ae1b748f56c1e6161e163a93be0ed","7779210d56c1f3741e2e487799fe3092def4fa6ac450a60532b807c3a8971205","0a799a84f702ac0bc606b3e650fbfbb9e4da39bf3a37371e00c04c81a233a8de","75408058f6c8f9bfcc2e90568ed90df3f6fb09b3c3ee1a8303a4afd3ac0bc921","a4c79a8216790ae57254169871a8ba2e9c9204feeb734ea29d8657b7cc9f73cb","712dd79e06a2a5e7c693fe6f926bef5f7ac278183f910ce1fc5b4c27b6488091","76c449ccb9cd117c2f2338f091b18f7050f3210e249b2228f5c81b23f34377cd","5af351b2e1f7b759f48a37b2409598c54cb62769719b10a7bcc46a882c897186","57bf392fce6fab9ad8d0c1c3a92fdcdf61bda7959c467ebdbf9d3b4dcd9b8080","64aa5f058bdf4b13431435cc4e8efb81c8ffd4db066748fd0cc824a57fba74de","b07eb02af787cd20d9503955c879321d6f9e24421762329c27f3e8e223212328","c599b7a91ab3627e3538125d9f40adc2d4bf949046984262670545dc7738af06","4eef8bd2ec905087d7b4ac221dfd85d36d8c1f05d8de2915ecf4351dde4b701e","357cca18cbbcc7055dd3ca5310bc485c5f1270450bcdaef580225181f7c06a0d","7d3ee40656c5a13fa0b04821777c1ba40bd028faa5c0e7475f61021d03fd35d6","2544ca049f223a42bff01f72ad930a5edba75bbb7199d0f8430a02ff5aca16ec","bf8f6363733477cff6071f3c19047259d117f08df1d6e6d091b52fb02ff1b3d2","f18789a13107f6047e846e7e5ca797540a8edf28f884a569a59dded075b5860b","112278d964bd3674de80750706219f1508a8922b2d795002e824d701918a28fe","0958a5e0c831126100c8c2d06a6bbaa665a3900f21aaff4130238a6f5a113aa1"],"uploadUrl":"https://upload-firebasehosting.googleapis.com/upload/sites/my-articles-a60af/versions/54b1f11fdeccae1c/files"}
[debug] [2023-04-23T20:02:54.254Z] >>> [apiv2][query] POST https://upload-firebasehosting.googleapis.com/upload/sites/my-articles-a60af/versions/54b1f11fdeccae1c/files/0c55f77511a1ad0dd469423778c8fb7a314ac439f481c0666797203f81314d21 [none]
[debug] [2023-04-23T20:02:54.271Z] >>> [apiv2][body] POST https://upload-firebasehosting.googleapis.com/upload/sites/my-articles-a60af/versions/54b1f11fdeccae1c/files/0c55f77511a1ad0dd469423778c8fb7a314ac439f481c0666797203f81314d21 [stream]
[debug] [2023-04-23T20:02:54.284Z] >>> [apiv2][query] POST https://upload-firebasehosting.googleapis.com/upload/sites/my-articles-a60af/versions/54b1f11fdeccae1c/files/06afb899396d73546ccc0c1092dcaed7712ae1b748f56c1e6161e163a93be0ed [none]
[debug] [2023-04-23T20:02:54.285Z] >>> [apiv2][body] POST https://upload-firebasehosting.googleapis.com/upload/sites/my-articles-a60af/versions/54b1f11fdeccae1c/files/06afb899396d73546ccc0c1092dcaed7712ae1b748f56c1e6161e163a93be0ed [stream]
[debug] [2023-04-23T20:02:54.290Z] >>> [apiv2][query] POST https://upload-firebasehosting.googleapis.com/upload/sites/my-articles-a60af/versions/54b1f11fdeccae1c/files/7779210d56c1f3741e2e487799fe3092def4fa6ac450a60532b807c3a8971205 [none]
[debug] [2023-04-23T20:02:54.291Z] >>> [apiv2][body] POST https://upload-firebasehosting.googleapis.com/upload/sites/my-articles-a60af/versions/54b1f11fdeccae1c/files/7779210d56c1f3741e2e487799fe3092def4fa6ac450a60532b807c3a8971205 [stream]
[debug] [2023-04-23T20:02:54.295Z] >>> [apiv2][query] POST https://upload-firebasehosting.googleapis.com/upload/sites/my-articles-a60af/versions/54b1f11fdeccae1c/files/0a799a84f702ac0bc606b3e650fbfbb9e4da39bf3a37371e00c04c81a233a8de [none]
[debug] [2023-04-23T20:02:54.295Z] >>> [apiv2][body] POST https://upload-firebasehosting.googleapis.com/upload/sites/my-articles-a60af/versions/54b1f11fdeccae1c/files/0a799a84f702ac0bc606b3e650fbfbb9e4da39bf3a37371e00c04c81a233a8de [stream]
[debug] [2023-04-23T20:02:54.300Z] >>> [apiv2][query] POST https://upload-firebasehosting.googleapis.com/upload/sites/my-articles-a60af/versions/54b1f11fdeccae1c/files/75408058f6c8f9bfcc2e90568ed90df3f6fb09b3c3ee1a8303a4afd3ac0bc921 [none]
[debug] [2023-04-23T20:02:54.301Z] >>> [apiv2][body] POST https://upload-firebasehosting.googleapis.com/upload/sites/my-articles-a60af/versions/54b1f11fdeccae1c/files/75408058f6c8f9bfcc2e90568ed90df3f6fb09b3c3ee1a8303a4afd3ac0bc921 [stream]
[debug] [2023-04-23T20:02:54.320Z] >>> [apiv2][query] POST https://upload-firebasehosting.googleapis.com/upload/sites/my-articles-a60af/versions/54b1f11fdeccae1c/files/a4c79a8216790ae57254169871a8ba2e9c9204feeb734ea29d8657b7cc9f73cb [none]
[debug] [2023-04-23T20:02:54.321Z] >>> [apiv2][body] POST https://upload-firebasehosting.googleapis.com/upload/sites/my-articles-a60af/versions/54b1f11fdeccae1c/files/a4c79a8216790ae57254169871a8ba2e9c9204feeb734ea29d8657b7cc9f73cb [stream]
[debug] [2023-04-23T20:02:54.335Z] >>> [apiv2][query] POST https://upload-firebasehosting.googleapis.com/upload/sites/my-articles-a60af/versions/54b1f11fdeccae1c/files/712dd79e06a2a5e7c693fe6f926bef5f7ac278183f910ce1fc5b4c27b6488091 [none]
[debug] [2023-04-23T20:02:54.336Z] >>> [apiv2][body] POST https://upload-firebasehosting.googleapis.com/upload/sites/my-articles-a60af/versions/54b1f11fdeccae1c/files/712dd79e06a2a5e7c693fe6f926bef5f7ac278183f910ce1fc5b4c27b6488091 [stream]
[debug] [2023-04-23T20:02:54.341Z] >>> [apiv2][query] POST https://upload-firebasehosting.googleapis.com/upload/sites/my-articles-a60af/versions/54b1f11fdeccae1c/files/76c449ccb9cd117c2f2338f091b18f7050f3210e249b2228f5c81b23f34377cd [none]
[debug] [2023-04-23T20:02:54.342Z] >>> [apiv2][body] POST https://upload-firebasehosting.googleapis.com/upload/sites/my-articles-a60af/versions/54b1f11fdeccae1c/files/76c449ccb9cd117c2f2338f091b18f7050f3210e249b2228f5c81b23f34377cd [stream]
[debug] [2023-04-23T20:02:54.356Z] >>> [apiv2][query] POST https://upload-firebasehosting.googleapis.com/upload/sites/my-articles-a60af/versions/54b1f11fdeccae1c/files/5af351b2e1f7b759f48a37b2409598c54cb62769719b10a7bcc46a882c897186 [none]
[debug] [2023-04-23T20:02:54.356Z] >>> [apiv2][body] POST https://upload-firebasehosting.googleapis.com/upload/sites/my-articles-a60af/versions/54b1f11fdeccae1c/files/5af351b2e1f7b759f48a37b2409598c54cb62769719b10a7bcc46a882c897186 [stream]
[debug] [2023-04-23T20:02:54.361Z] >>> [apiv2][query] POST https://upload-firebasehosting.googleapis.com/upload/sites/my-articles-a60af/versions/54b1f11fdeccae1c/files/57bf392fce6fab9ad8d0c1c3a92fdcdf61bda7959c467ebdbf9d3b4dcd9b8080 [none]
[debug] [2023-04-23T20:02:54.362Z] >>> [apiv2][body] POST https://upload-firebasehosting.googleapis.com/upload/sites/my-articles-a60af/versions/54b1f11fdeccae1c/files/57bf392fce6fab9ad8d0c1c3a92fdcdf61bda7959c467ebdbf9d3b4dcd9b8080 [stream]
[debug] [2023-04-23T20:02:54.366Z] >>> [apiv2][query] POST https://upload-firebasehosting.googleapis.com/upload/sites/my-articles-a60af/versions/54b1f11fdeccae1c/files/64aa5f058bdf4b13431435cc4e8efb81c8ffd4db066748fd0cc824a57fba74de [none]
[debug] [2023-04-23T20:02:54.366Z] >>> [apiv2][body] POST https://upload-firebasehosting.googleapis.com/upload/sites/my-articles-a60af/versions/54b1f11fdeccae1c/files/64aa5f058bdf4b13431435cc4e8efb81c8ffd4db066748fd0cc824a57fba74de [stream]
[debug] [2023-04-23T20:02:54.406Z] >>> [apiv2][query] POST https://upload-firebasehosting.googleapis.com/upload/sites/my-articles-a60af/versions/54b1f11fdeccae1c/files/b07eb02af787cd20d9503955c879321d6f9e24421762329c27f3e8e223212328 [none]
[debug] [2023-04-23T20:02:54.409Z] >>> [apiv2][body] POST https://upload-firebasehosting.googleapis.com/upload/sites/my-articles-a60af/versions/54b1f11fdeccae1c/files/b07eb02af787cd20d9503955c879321d6f9e24421762329c27f3e8e223212328 [stream]
[debug] [2023-04-23T20:02:54.470Z] >>> [apiv2][query] POST https://upload-firebasehosting.googleapis.com/upload/sites/my-articles-a60af/versions/54b1f11fdeccae1c/files/c599b7a91ab3627e3538125d9f40adc2d4bf949046984262670545dc7738af06 [none]
[debug] [2023-04-23T20:02:54.481Z] >>> [apiv2][body] POST https://upload-firebasehosting.googleapis.com/upload/sites/my-articles-a60af/versions/54b1f11fdeccae1c/files/c599b7a91ab3627e3538125d9f40adc2d4bf949046984262670545dc7738af06 [stream]
[debug] [2023-04-23T20:02:54.484Z] >>> [apiv2][query] POST https://upload-firebasehosting.googleapis.com/upload/sites/my-articles-a60af/versions/54b1f11fdeccae1c/files/4eef8bd2ec905087d7b4ac221dfd85d36d8c1f05d8de2915ecf4351dde4b701e [none]
[debug] [2023-04-23T20:02:54.485Z] >>> [apiv2][body] POST https://upload-firebasehosting.googleapis.com/upload/sites/my-articles-a60af/versions/54b1f11fdeccae1c/files/4eef8bd2ec905087d7b4ac221dfd85d36d8c1f05d8de2915ecf4351dde4b701e [stream]
[debug] [2023-04-23T20:02:54.489Z] >>> [apiv2][query] POST https://upload-firebasehosting.googleapis.com/upload/sites/my-articles-a60af/versions/54b1f11fdeccae1c/files/357cca18cbbcc7055dd3ca5310bc485c5f1270450bcdaef580225181f7c06a0d [none]
[debug] [2023-04-23T20:02:54.489Z] >>> [apiv2][body] POST https://upload-firebasehosting.googleapis.com/upload/sites/my-articles-a60af/versions/54b1f11fdeccae1c/files/357cca18cbbcc7055dd3ca5310bc485c5f1270450bcdaef580225181f7c06a0d [stream]
[debug] [2023-04-23T20:02:54.512Z] >>> [apiv2][query] POST https://upload-firebasehosting.googleapis.com/upload/sites/my-articles-a60af/versions/54b1f11fdeccae1c/files/7d3ee40656c5a13fa0b04821777c1ba40bd028faa5c0e7475f61021d03fd35d6 [none]
[debug] [2023-04-23T20:02:54.513Z] >>> [apiv2][body] POST https://upload-firebasehosting.googleapis.com/upload/sites/my-articles-a60af/versions/54b1f11fdeccae1c/files/7d3ee40656c5a13fa0b04821777c1ba40bd028faa5c0e7475f61021d03fd35d6 [stream]
[debug] [2023-04-23T20:02:54.525Z] >>> [apiv2][query] POST https://upload-firebasehosting.googleapis.com/upload/sites/my-articles-a60af/versions/54b1f11fdeccae1c/files/2544ca049f223a42bff01f72ad930a5edba75bbb7199d0f8430a02ff5aca16ec [none]
[debug] [2023-04-23T20:02:54.526Z] >>> [apiv2][body] POST https://upload-firebasehosting.googleapis.com/upload/sites/my-articles-a60af/versions/54b1f11fdeccae1c/files/2544ca049f223a42bff01f72ad930a5edba75bbb7199d0f8430a02ff5aca16ec [stream]
[debug] [2023-04-23T20:02:54.539Z] >>> [apiv2][query] POST https://upload-firebasehosting.googleapis.com/upload/sites/my-articles-a60af/versions/54b1f11fdeccae1c/files/bf8f6363733477cff6071f3c19047259d117f08df1d6e6d091b52fb02ff1b3d2 [none]
[debug] [2023-04-23T20:02:54.539Z] >>> [apiv2][body] POST https://upload-firebasehosting.googleapis.com/upload/sites/my-articles-a60af/versions/54b1f11fdeccae1c/files/bf8f6363733477cff6071f3c19047259d117f08df1d6e6d091b52fb02ff1b3d2 [stream]
[debug] [2023-04-23T20:02:54.558Z] >>> [apiv2][query] POST https://upload-firebasehosting.googleapis.com/upload/sites/my-articles-a60af/versions/54b1f11fdeccae1c/files/f18789a13107f6047e846e7e5ca797540a8edf28f884a569a59dded075b5860b [none]
[debug] [2023-04-23T20:02:54.558Z] >>> [apiv2][body] POST https://upload-firebasehosting.googleapis.com/upload/sites/my-articles-a60af/versions/54b1f11fdeccae1c/files/f18789a13107f6047e846e7e5ca797540a8edf28f884a569a59dded075b5860b [stream]
[debug] [2023-04-23T20:02:54.562Z] >>> [apiv2][query] POST https://upload-firebasehosting.googleapis.com/upload/sites/my-articles-a60af/versions/54b1f11fdeccae1c/files/112278d964bd3674de80750706219f1508a8922b2d795002e824d701918a28fe [none]
[debug] [2023-04-23T20:02:54.562Z] >>> [apiv2][body] POST https://upload-firebasehosting.googleapis.com/upload/sites/my-articles-a60af/versions/54b1f11fdeccae1c/files/112278d964bd3674de80750706219f1508a8922b2d795002e824d701918a28fe [stream]
[debug] [2023-04-23T20:02:54.566Z] >>> [apiv2][query] POST https://upload-firebasehosting.googleapis.com/upload/sites/my-articles-a60af/versions/54b1f11fdeccae1c/files/0958a5e0c831126100c8c2d06a6bbaa665a3900f21aaff4130238a6f5a113aa1 [none]
[debug] [2023-04-23T20:02:54.588Z] >>> [apiv2][body] POST https://upload-firebasehosting.googleapis.com/upload/sites/my-articles-a60af/versions/54b1f11fdeccae1c/files/0958a5e0c831126100c8c2d06a6bbaa665a3900f21aaff4130238a6f5a113aa1 [stream]
[debug] [2023-04-23T20:02:54.592Z] [hosting][populate queue][FINAL] {"max":1458,"min":1458,"avg":1458,"active":0,"complete":1,"success":1,"errored":0,"retried":0,"total":1,"elapsed":1797}
[debug] [2023-04-23T20:02:54.592Z] [hosting] uploads queued: 21
[debug] [2023-04-23T20:02:57.648Z] <<< [apiv2][status] POST https://upload-firebasehosting.googleapis.com/upload/sites/my-articles-a60af/versions/54b1f11fdeccae1c/files/c599b7a91ab3627e3538125d9f40adc2d4bf949046984262670545dc7738af06 200
[debug] [2023-04-23T20:02:57.663Z] <<< [apiv2][body] POST https://upload-firebasehosting.googleapis.com/upload/sites/my-articles-a60af/versions/54b1f11fdeccae1c/files/c599b7a91ab3627e3538125d9f40adc2d4bf949046984262670545dc7738af06 [stream]
[debug] [2023-04-23T20:02:57.735Z] <<< [apiv2][status] POST https://upload-firebasehosting.googleapis.com/upload/sites/my-articles-a60af/versions/54b1f11fdeccae1c/files/a4c79a8216790ae57254169871a8ba2e9c9204feeb734ea29d8657b7cc9f73cb 200
[debug] [2023-04-23T20:02:57.736Z] <<< [apiv2][body] POST https://upload-firebasehosting.googleapis.com/upload/sites/my-articles-a60af/versions/54b1f11fdeccae1c/files/a4c79a8216790ae57254169871a8ba2e9c9204feeb734ea29d8657b7cc9f73cb [stream]
[debug] [2023-04-23T20:02:57.747Z] <<< [apiv2][status] POST https://upload-firebasehosting.googleapis.com/upload/sites/my-articles-a60af/versions/54b1f11fdeccae1c/files/0c55f77511a1ad0dd469423778c8fb7a314ac439f481c0666797203f81314d21 200
[debug] [2023-04-23T20:02:57.748Z] <<< [apiv2][body] POST https://upload-firebasehosting.googleapis.com/upload/sites/my-articles-a60af/versions/54b1f11fdeccae1c/files/0c55f77511a1ad0dd469423778c8fb7a314ac439f481c0666797203f81314d21 [stream]
[debug] [2023-04-23T20:02:57.792Z] <<< [apiv2][status] POST https://upload-firebasehosting.googleapis.com/upload/sites/my-articles-a60af/versions/54b1f11fdeccae1c/files/5af351b2e1f7b759f48a37b2409598c54cb62769719b10a7bcc46a882c897186 200
[debug] [2023-04-23T20:02:57.801Z] <<< [apiv2][body] POST https://upload-firebasehosting.googleapis.com/upload/sites/my-articles-a60af/versions/54b1f11fdeccae1c/files/5af351b2e1f7b759f48a37b2409598c54cb62769719b10a7bcc46a882c897186 [stream]
[debug] [2023-04-23T20:02:57.845Z] <<< [apiv2][status] POST https://upload-firebasehosting.googleapis.com/upload/sites/my-articles-a60af/versions/54b1f11fdeccae1c/files/7779210d56c1f3741e2e487799fe3092def4fa6ac450a60532b807c3a8971205 200
[debug] [2023-04-23T20:02:57.846Z] <<< [apiv2][body] POST https://upload-firebasehosting.googleapis.com/upload/sites/my-articles-a60af/versions/54b1f11fdeccae1c/files/7779210d56c1f3741e2e487799fe3092def4fa6ac450a60532b807c3a8971205 [stream]
[debug] [2023-04-23T20:02:59.613Z] <<< [apiv2][status] POST https://upload-firebasehosting.googleapis.com/upload/sites/my-articles-a60af/versions/54b1f11fdeccae1c/files/bf8f6363733477cff6071f3c19047259d117f08df1d6e6d091b52fb02ff1b3d2 200
[debug] [2023-04-23T20:02:59.614Z] <<< [apiv2][body] POST https://upload-firebasehosting.googleapis.com/upload/sites/my-articles-a60af/versions/54b1f11fdeccae1c/files/bf8f6363733477cff6071f3c19047259d117f08df1d6e6d091b52fb02ff1b3d2 [stream]
[debug] [2023-04-23T20:02:59.853Z] <<< [apiv2][status] POST https://upload-firebasehosting.googleapis.com/upload/sites/my-articles-a60af/versions/54b1f11fdeccae1c/files/7d3ee40656c5a13fa0b04821777c1ba40bd028faa5c0e7475f61021d03fd35d6 200
[debug] [2023-04-23T20:02:59.853Z] <<< [apiv2][body] POST https://upload-firebasehosting.googleapis.com/upload/sites/my-articles-a60af/versions/54b1f11fdeccae1c/files/7d3ee40656c5a13fa0b04821777c1ba40bd028faa5c0e7475f61021d03fd35d6 [stream]
[debug] [2023-04-23T20:03:00.270Z] <<< [apiv2][status] POST https://upload-firebasehosting.googleapis.com/upload/sites/my-articles-a60af/versions/54b1f11fdeccae1c/files/76c449ccb9cd117c2f2338f091b18f7050f3210e249b2228f5c81b23f34377cd 200
[debug] [2023-04-23T20:03:00.271Z] <<< [apiv2][body] POST https://upload-firebasehosting.googleapis.com/upload/sites/my-articles-a60af/versions/54b1f11fdeccae1c/files/76c449ccb9cd117c2f2338f091b18f7050f3210e249b2228f5c81b23f34377cd [stream]
[debug] [2023-04-23T20:03:00.637Z] <<< [apiv2][status] POST https://upload-firebasehosting.googleapis.com/upload/sites/my-articles-a60af/versions/54b1f11fdeccae1c/files/112278d964bd3674de80750706219f1508a8922b2d795002e824d701918a28fe 200
[debug] [2023-04-23T20:03:00.637Z] <<< [apiv2][body] POST https://upload-firebasehosting.googleapis.com/upload/sites/my-articles-a60af/versions/54b1f11fdeccae1c/files/112278d964bd3674de80750706219f1508a8922b2d795002e824d701918a28fe [stream]
[debug] [2023-04-23T20:03:00.839Z] <<< [apiv2][status] POST https://upload-firebasehosting.googleapis.com/upload/sites/my-articles-a60af/versions/54b1f11fdeccae1c/files/2544ca049f223a42bff01f72ad930a5edba75bbb7199d0f8430a02ff5aca16ec 200
[debug] [2023-04-23T20:03:00.840Z] <<< [apiv2][body] POST https://upload-firebasehosting.googleapis.com/upload/sites/my-articles-a60af/versions/54b1f11fdeccae1c/files/2544ca049f223a42bff01f72ad930a5edba75bbb7199d0f8430a02ff5aca16ec [stream]
[debug] [2023-04-23T20:03:01.548Z] <<< [apiv2][status] POST https://upload-firebasehosting.googleapis.com/upload/sites/my-articles-a60af/versions/54b1f11fdeccae1c/files/357cca18cbbcc7055dd3ca5310bc485c5f1270450bcdaef580225181f7c06a0d 200
[debug] [2023-04-23T20:03:01.549Z] <<< [apiv2][body] POST https://upload-firebasehosting.googleapis.com/upload/sites/my-articles-a60af/versions/54b1f11fdeccae1c/files/357cca18cbbcc7055dd3ca5310bc485c5f1270450bcdaef580225181f7c06a0d [stream]
[debug] [2023-04-23T20:03:01.596Z] <<< [apiv2][status] POST https://upload-firebasehosting.googleapis.com/upload/sites/my-articles-a60af/versions/54b1f11fdeccae1c/files/75408058f6c8f9bfcc2e90568ed90df3f6fb09b3c3ee1a8303a4afd3ac0bc921 200
[debug] [2023-04-23T20:03:01.596Z] <<< [apiv2][body] POST https://upload-firebasehosting.googleapis.com/upload/sites/my-articles-a60af/versions/54b1f11fdeccae1c/files/75408058f6c8f9bfcc2e90568ed90df3f6fb09b3c3ee1a8303a4afd3ac0bc921 [stream]
[debug] [2023-04-23T20:03:02.222Z] <<< [apiv2][status] POST https://upload-firebasehosting.googleapis.com/upload/sites/my-articles-a60af/versions/54b1f11fdeccae1c/files/b07eb02af787cd20d9503955c879321d6f9e24421762329c27f3e8e223212328 200
[debug] [2023-04-23T20:03:02.222Z] <<< [apiv2][body] POST https://upload-firebasehosting.googleapis.com/upload/sites/my-articles-a60af/versions/54b1f11fdeccae1c/files/b07eb02af787cd20d9503955c879321d6f9e24421762329c27f3e8e223212328 [stream]
[debug] [2023-04-23T20:03:02.688Z] <<< [apiv2][status] POST https://upload-firebasehosting.googleapis.com/upload/sites/my-articles-a60af/versions/54b1f11fdeccae1c/files/712dd79e06a2a5e7c693fe6f926bef5f7ac278183f910ce1fc5b4c27b6488091 200
[debug] [2023-04-23T20:03:02.691Z] <<< [apiv2][body] POST https://upload-firebasehosting.googleapis.com/upload/sites/my-articles-a60af/versions/54b1f11fdeccae1c/files/712dd79e06a2a5e7c693fe6f926bef5f7ac278183f910ce1fc5b4c27b6488091 [stream]
[debug] [2023-04-23T20:03:03.436Z] <<< [apiv2][status] POST https://upload-firebasehosting.googleapis.com/upload/sites/my-articles-a60af/versions/54b1f11fdeccae1c/files/0958a5e0c831126100c8c2d06a6bbaa665a3900f21aaff4130238a6f5a113aa1 200
[debug] [2023-04-23T20:03:03.437Z] <<< [apiv2][body] POST https://upload-firebasehosting.googleapis.com/upload/sites/my-articles-a60af/versions/54b1f11fdeccae1c/files/0958a5e0c831126100c8c2d06a6bbaa665a3900f21aaff4130238a6f5a113aa1 [stream]
[debug] [2023-04-23T20:03:06.385Z] <<< [apiv2][status] POST https://upload-firebasehosting.googleapis.com/upload/sites/my-articles-a60af/versions/54b1f11fdeccae1c/files/06afb899396d73546ccc0c1092dcaed7712ae1b748f56c1e6161e163a93be0ed 200
[debug] [2023-04-23T20:03:06.385Z] <<< [apiv2][body] POST https://upload-firebasehosting.googleapis.com/upload/sites/my-articles-a60af/versions/54b1f11fdeccae1c/files/06afb899396d73546ccc0c1092dcaed7712ae1b748f56c1e6161e163a93be0ed [stream]
[debug] [2023-04-23T20:03:06.548Z] <<< [apiv2][status] POST https://upload-firebasehosting.googleapis.com/upload/sites/my-articles-a60af/versions/54b1f11fdeccae1c/files/4eef8bd2ec905087d7b4ac221dfd85d36d8c1f05d8de2915ecf4351dde4b701e 200
[debug] [2023-04-23T20:03:06.549Z] <<< [apiv2][body] POST https://upload-firebasehosting.googleapis.com/upload/sites/my-articles-a60af/versions/54b1f11fdeccae1c/files/4eef8bd2ec905087d7b4ac221dfd85d36d8c1f05d8de2915ecf4351dde4b701e [stream]
[debug] [2023-04-23T20:03:07.165Z] <<< [apiv2][status] POST https://upload-firebasehosting.googleapis.com/upload/sites/my-articles-a60af/versions/54b1f11fdeccae1c/files/57bf392fce6fab9ad8d0c1c3a92fdcdf61bda7959c467ebdbf9d3b4dcd9b8080 200
[debug] [2023-04-23T20:03:07.166Z] <<< [apiv2][body] POST https://upload-firebasehosting.googleapis.com/upload/sites/my-articles-a60af/versions/54b1f11fdeccae1c/files/57bf392fce6fab9ad8d0c1c3a92fdcdf61bda7959c467ebdbf9d3b4dcd9b8080 [stream]
[debug] [2023-04-23T20:03:08.034Z] <<< [apiv2][status] POST https://upload-firebasehosting.googleapis.com/upload/sites/my-articles-a60af/versions/54b1f11fdeccae1c/files/64aa5f058bdf4b13431435cc4e8efb81c8ffd4db066748fd0cc824a57fba74de 200
[debug] [2023-04-23T20:03:08.034Z] <<< [apiv2][body] POST https://upload-firebasehosting.googleapis.com/upload/sites/my-articles-a60af/versions/54b1f11fdeccae1c/files/64aa5f058bdf4b13431435cc4e8efb81c8ffd4db066748fd0cc824a57fba74de [stream]
[debug] [2023-04-23T20:03:12.150Z] <<< [apiv2][status] POST https://upload-firebasehosting.googleapis.com/upload/sites/my-articles-a60af/versions/54b1f11fdeccae1c/files/0a799a84f702ac0bc606b3e650fbfbb9e4da39bf3a37371e00c04c81a233a8de 200
[debug] [2023-04-23T20:03:12.151Z] <<< [apiv2][body] POST https://upload-firebasehosting.googleapis.com/upload/sites/my-articles-a60af/versions/54b1f11fdeccae1c/files/0a799a84f702ac0bc606b3e650fbfbb9e4da39bf3a37371e00c04c81a233a8de [stream]
[debug] [2023-04-23T20:04:05.372Z] <<< [apiv2][status] POST https://upload-firebasehosting.googleapis.com/upload/sites/my-articles-a60af/versions/54b1f11fdeccae1c/files/f18789a13107f6047e846e7e5ca797540a8edf28f884a569a59dded075b5860b 200
[debug] [2023-04-23T20:04:05.375Z] <<< [apiv2][body] POST https://upload-firebasehosting.googleapis.com/upload/sites/my-articles-a60af/versions/54b1f11fdeccae1c/files/f18789a13107f6047e846e7e5ca797540a8edf28f884a569a59dded075b5860b [stream]
[debug] [2023-04-23T20:04:05.376Z] [hosting][upload queue][FINAL] {"max":71125,"min":3416,"avg":10858.047619047618,"active":0,"complete":21,"success":21,"errored":0,"retried":0,"total":21,"elapsed":71139}
[info] ✔  hosting[my-articles-a60af]: file upload complete 
[debug] [2023-04-23T20:04:05.380Z] [hosting] deploy completed after 78235ms
[debug] [2023-04-23T20:04:05.395Z] [
  {
    "config": {
      "public": "build",
      "ignore": [
        "firebase.json",
        "**/.*",
        "**/node_modules/**"
      ],
      "rewrites": [
        {
          "source": "**",
          "destination": "/index.html"
        }
      ],
      "site": "my-articles-a60af"
    },
    "version": "projects/803490384962/sites/my-articles-a60af/versions/54b1f11fdeccae1c"
  }
]
[info] i  hosting[my-articles-a60af]: finalizing version... 
[debug] [2023-04-23T20:04:05.424Z] >>> [apiv2][query] PATCH https://firebasehosting.googleapis.com/v1beta1/projects/-/sites/my-articles-a60af/versions/54b1f11fdeccae1c updateMask=status%2Cconfig
[debug] [2023-04-23T20:04:05.424Z] >>> [apiv2][body] PATCH https://firebasehosting.googleapis.com/v1beta1/projects/-/sites/my-articles-a60af/versions/54b1f11fdeccae1c {"status":"FINALIZED","config":{"rewrites":[{"glob":"**","path":"/index.html"}]}}
[debug] [2023-04-23T20:04:08.973Z] <<< [apiv2][status] PATCH https://firebasehosting.googleapis.com/v1beta1/projects/-/sites/my-articles-a60af/versions/54b1f11fdeccae1c 200
[debug] [2023-04-23T20:04:08.974Z] <<< [apiv2][body] PATCH https://firebasehosting.googleapis.com/v1beta1/projects/-/sites/my-articles-a60af/versions/54b1f11fdeccae1c {"name":"projects/803490384962/sites/my-articles-a60af/versions/54b1f11fdeccae1c","status":"FINALIZED","config":{"rewrites":[{"glob":"**","path":"/index.html"}]},"labels":{"deployment-tool":"cli-firebase"},"createTime":"2023-04-23T20:02:46.214887Z","createUser":{"email":"princesagacious96@gmail.com"},"finalizeTime":"2023-04-23T20:04:06.795523Z","finalizeUser":{"email":"princesagacious96@gmail.com"}}
[debug] [2023-04-23T20:04:08.975Z] [hosting] finalized version for my-articles-a60af:[object Object]
[info] ✔  hosting[my-articles-a60af]: version finalized 
[info] i  hosting[my-articles-a60af]: releasing new version... 
[debug] [2023-04-23T20:04:08.977Z] >>> [apiv2][query] POST https://firebasehosting.googleapis.com/v1beta1/projects/-/sites/my-articles-a60af/channels/live/releases versionName=projects%2F803490384962%2Fsites%2Fmy-articles-a60af%2Fversions%2F54b1f11fdeccae1c
[debug] [2023-04-23T20:04:08.977Z] >>> [apiv2][body] POST https://firebasehosting.googleapis.com/v1beta1/projects/-/sites/my-articles-a60af/channels/live/releases {}
[debug] [2023-04-23T20:04:11.038Z] <<< [apiv2][status] POST https://firebasehosting.googleapis.com/v1beta1/projects/-/sites/my-articles-a60af/channels/live/releases 200
[debug] [2023-04-23T20:04:11.038Z] <<< [apiv2][body] POST https://firebasehosting.googleapis.com/v1beta1/projects/-/sites/my-articles-a60af/channels/live/releases {"name":"projects/803490384962/sites/my-articles-a60af/channels/live/releases/1682280249647000","version":{"name":"projects/803490384962/sites/my-articles-a60af/versions/54b1f11fdeccae1c","status":"FINALIZED","config":{"rewrites":[{"glob":"**","path":"/index.html"}]},"labels":{"deployment-tool":"cli-firebase"},"createTime":"2023-04-23T20:02:46.214887Z","createUser":{"email":"princesagacious96@gmail.com","imageUrl":"https://lh3.googleusercontent.com/a/AGNmyxbUxjXWYShj2rvkaGtP_oTCDh85zkeuvEueaEa3mQ"},"finalizeTime":"2023-04-23T20:04:06.795523Z","finalizeUser":{"email":"princesagacious96@gmail.com","imageUrl":"https://lh3.googleusercontent.com/a/AGNmyxbUxjXWYShj2rvkaGtP_oTCDh85zkeuvEueaEa3mQ"}},"type":"DEPLOY","releaseTime":"2023-04-23T20:04:09.647Z","releaseUser":{"email":"princesagacious96@gmail.com","imageUrl":"https://lh3.googleusercontent.com/a/AGNmyxbUxjXWYShj2rvkaGtP_oTCDh85zkeuvEueaEa3mQ"}}
[debug] [2023-04-23T20:04:11.039Z] [hosting] release: {"name":"projects/803490384962/sites/my-articles-a60af/channels/live/releases/1682280249647000","version":{"name":"projects/803490384962/sites/my-articles-a60af/versions/54b1f11fdeccae1c","status":"FINALIZED","config":{"rewrites":[{"glob":"**","path":"/index.html"}]},"labels":{"deployment-tool":"cli-firebase"},"createTime":"2023-04-23T20:02:46.214887Z","createUser":{"email":"princesagacious96@gmail.com","imageUrl":"https://lh3.googleusercontent.com/a/AGNmyxbUxjXWYShj2rvkaGtP_oTCDh85zkeuvEueaEa3mQ"},"finalizeTime":"2023-04-23T20:04:06.795523Z","finalizeUser":{"email":"princesagacious96@gmail.com","imageUrl":"https://lh3.googleusercontent.com/a/AGNmyxbUxjXWYShj2rvkaGtP_oTCDh85zkeuvEueaEa3mQ"}},"type":"DEPLOY","releaseTime":"2023-04-23T20:04:09.647Z","releaseUser":{"email":"princesagacious96@gmail.com","imageUrl":"https://lh3.googleusercontent.com/a/AGNmyxbUxjXWYShj2rvkaGtP_oTCDh85zkeuvEueaEa3mQ"}}
[info] ✔  hosting[my-articles-a60af]: release complete 
[info] 
[info] ✔  Deploy complete! 
[info] 
[info] Project Console: https://console.firebase.google.com/project/my-articles-a60af/overview
[info] Hosting URL: https://my-articles-a60af.web.app
[debug] [2023-04-23T20:04:21.807Z] Error: Timed out.
    at Timeout._onTimeout (/home/sagacious/.nvm/versions/node/v16.14.0/lib/node_modules/firebase-tools/lib/utils.js:253:49)
    at listOnTimeout (node:internal/timers:559:17)
    at processTimers (node:internal/timers:502:7)
[error] 
[error] Error: An unexpected error has occurred.
